2025-06-15 11:23:29,107 - INFO - Parameter Sensitivity Diagnostic Tool
2025-06-15 11:23:29,107 - INFO - ==================================================
2025-06-15 11:23:29,108 - INFO - Starting comprehensive parameter sensitivity diagnostic...
2025-06-15 11:23:29,108 - INFO - ==================================================
2025-06-15 11:23:29,108 - INFO - TEST 1: Extreme Parameter Configurations
2025-06-15 11:23:29,108 - INFO - ==================================================
2025-06-15 11:23:29,108 - INFO - Testing STOMP with extreme parameters...
2025-06-15 11:23:29,108 - INFO - Testing STOMP with minimal_exploration parameters...
2025-06-15 11:23:29,223 - INFO - Testing STOMP with maximal_exploration parameters...
2025-06-15 11:23:29,283 - INFO - Testing STOMP with ultra_conservative parameters...
2025-06-15 11:23:29,344 - INFO - Testing STOMP with ultra_aggressive parameters...
2025-06-15 11:23:29,404 - INFO - STOMP Extreme Test Results:
2025-06-15 11:23:29,404 - INFO -   Composite objective range: 0.00004562
2025-06-15 11:23:29,404 - INFO -   Success rate range: 0.00000000
2025-06-15 11:23:29,404 - INFO -   Planning time range: 0.15207540
2025-06-15 11:23:30,171 - INFO - Testing Hauser with extreme parameters...
2025-06-15 11:23:30,172 - INFO - Testing Hauser with minimal_deviation parameters...
2025-06-15 11:23:30,233 - INFO - Testing Hauser with maximal_deviation parameters...
2025-06-15 11:23:30,292 - INFO - Hauser Extreme Test Results:
2025-06-15 11:23:30,292 - INFO -   Composite objective range: 0.00000134
2025-06-15 11:23:30,292 - INFO -   Success rate range: 0.00000000
2025-06-15 11:23:30,292 - INFO -   Planning time range: 0.00448320
2025-06-15 11:23:30,890 - INFO - ==================================================
2025-06-15 11:23:30,890 - INFO - TEST 2: Single Parameter Sweeps
2025-06-15 11:23:30,890 - INFO - ==================================================
2025-06-15 11:23:30,890 - INFO - Testing STOMP parameter sweep: exploration_constant
2025-06-15 11:23:30,890 - INFO - Testing exploration_constant=0.001 (1/10)
2025-06-15 11:23:30,924 - INFO - Testing exploration_constant=0.05644444444444444 (2/10)
2025-06-15 11:23:30,957 - INFO - Testing exploration_constant=0.11188888888888888 (3/10)
2025-06-15 11:23:30,989 - INFO - Testing exploration_constant=0.16733333333333333 (4/10)
2025-06-15 11:23:31,018 - INFO - Testing exploration_constant=0.22277777777777777 (5/10)
2025-06-15 11:23:31,050 - INFO - Testing exploration_constant=0.2782222222222222 (6/10)
2025-06-15 11:23:31,082 - INFO - Testing exploration_constant=0.33366666666666667 (7/10)
2025-06-15 11:23:31,113 - INFO - Testing exploration_constant=0.3891111111111111 (8/10)
2025-06-15 11:23:31,145 - INFO - Testing exploration_constant=0.44455555555555554 (9/10)
2025-06-15 11:23:31,176 - INFO - Testing exploration_constant=0.5 (10/10)
2025-06-15 11:23:31,209 - INFO - STOMP exploration_constant Sweep Results:
2025-06-15 11:23:31,209 - INFO -   Composite objective range: 0.00000000
2025-06-15 11:23:31,209 - INFO -   Coefficient of variation: 0.00000000
2025-06-15 11:23:31,590 - INFO - Testing STOMP parameter sweep: num_noisy_trajectories
2025-06-15 11:23:31,590 - INFO - Testing num_noisy_trajectories=5 (1/10)
2025-06-15 11:23:31,623 - INFO - Testing num_noisy_trajectories=15 (2/10)
2025-06-15 11:23:31,656 - INFO - Testing num_noisy_trajectories=26 (3/10)
2025-06-15 11:23:31,690 - INFO - Testing num_noisy_trajectories=36 (4/10)
2025-06-15 11:23:31,723 - INFO - Testing num_noisy_trajectories=47 (5/10)
2025-06-15 11:23:31,754 - INFO - Testing num_noisy_trajectories=57 (6/10)
2025-06-15 11:23:31,787 - INFO - Testing num_noisy_trajectories=68 (7/10)
2025-06-15 11:23:31,818 - INFO - Testing num_noisy_trajectories=78 (8/10)
2025-06-15 11:23:31,850 - INFO - Testing num_noisy_trajectories=89 (9/10)
2025-06-15 11:23:31,882 - INFO - Testing num_noisy_trajectories=100 (10/10)
2025-06-15 11:23:31,914 - INFO - STOMP num_noisy_trajectories Sweep Results:
2025-06-15 11:23:31,914 - INFO -   Composite objective range: 0.00000000
2025-06-15 11:23:31,914 - INFO -   Coefficient of variation: 0.00000000
2025-06-15 11:23:32,300 - INFO - Testing STOMP parameter sweep: learning_rate
2025-06-15 11:23:32,300 - INFO - Testing learning_rate=0.1 (1/10)
2025-06-15 11:23:32,334 - INFO - Testing learning_rate=0.16666666666666669 (2/10)
2025-06-15 11:23:32,366 - INFO - Testing learning_rate=0.23333333333333334 (3/10)
2025-06-15 11:23:32,396 - INFO - Testing learning_rate=0.30000000000000004 (4/10)
2025-06-15 11:23:32,429 - INFO - Testing learning_rate=0.3666666666666667 (5/10)
2025-06-15 11:23:32,461 - INFO - Testing learning_rate=0.43333333333333335 (6/10)
2025-06-15 11:23:32,493 - INFO - Testing learning_rate=0.5 (7/10)
2025-06-15 11:23:32,524 - INFO - Testing learning_rate=0.5666666666666667 (8/10)
2025-06-15 11:23:32,556 - INFO - Testing learning_rate=0.6333333333333333 (9/10)
2025-06-15 11:23:32,589 - INFO - Testing learning_rate=0.7 (10/10)
2025-06-15 11:23:32,621 - INFO - STOMP learning_rate Sweep Results:
2025-06-15 11:23:32,621 - INFO -   Composite objective range: 0.00000000
2025-06-15 11:23:32,621 - INFO -   Coefficient of variation: 0.00000000
2025-06-15 11:23:33,007 - INFO - Testing Hauser parameter sweep: max_deviation
2025-06-15 11:23:33,007 - INFO - Testing max_deviation=0.1 (1/10)
2025-06-15 11:23:33,040 - INFO - Testing max_deviation=0.3111111111111111 (2/10)
2025-06-15 11:23:33,071 - INFO - Testing max_deviation=0.5222222222222223 (3/10)
2025-06-15 11:23:33,103 - INFO - Testing max_deviation=0.7333333333333333 (4/10)
2025-06-15 11:23:33,136 - INFO - Testing max_deviation=0.9444444444444444 (5/10)
2025-06-15 11:23:33,168 - INFO - Testing max_deviation=1.1555555555555557 (6/10)
2025-06-15 11:23:33,198 - INFO - Testing max_deviation=1.3666666666666667 (7/10)
2025-06-15 11:23:33,231 - INFO - Testing max_deviation=1.577777777777778 (8/10)
2025-06-15 11:23:33,264 - INFO - Testing max_deviation=1.788888888888889 (9/10)
2025-06-15 11:23:33,295 - INFO - Testing max_deviation=2.0 (10/10)
2025-06-15 11:23:33,328 - INFO - Hauser max_deviation Sweep Results:
2025-06-15 11:23:33,329 - INFO -   Composite objective range: 0.00000000
2025-06-15 11:23:33,329 - INFO -   Coefficient of variation: 0.00000000
2025-06-15 11:23:33,727 - INFO - Testing Hauser parameter sweep: time_step
2025-06-15 11:23:33,727 - INFO - Testing time_step=0.01 (1/10)
2025-06-15 11:23:33,759 - INFO - Testing time_step=0.06444444444444444 (2/10)
2025-06-15 11:23:33,792 - INFO - Testing time_step=0.11888888888888888 (3/10)
2025-06-15 11:23:33,825 - INFO - Testing time_step=0.17333333333333334 (4/10)
2025-06-15 11:23:33,857 - INFO - Testing time_step=0.22777777777777777 (5/10)
2025-06-15 11:23:33,890 - INFO - Testing time_step=0.2822222222222222 (6/10)
2025-06-15 11:23:33,921 - INFO - Testing time_step=0.33666666666666667 (7/10)
2025-06-15 11:23:33,953 - INFO - Testing time_step=0.3911111111111111 (8/10)
2025-06-15 11:23:33,985 - INFO - Testing time_step=0.44555555555555554 (9/10)
2025-06-15 11:23:34,019 - INFO - Testing time_step=0.5 (10/10)
2025-06-15 11:23:34,050 - INFO - Hauser time_step Sweep Results:
2025-06-15 11:23:34,050 - INFO -   Composite objective range: 0.00000000
2025-06-15 11:23:34,050 - INFO -   Coefficient of variation: 0.00000000
2025-06-15 11:23:34,435 - INFO - Testing Hauser parameter sweep: tolerance
2025-06-15 11:23:34,435 - INFO - Testing tolerance=1e-06 (1/10)
2025-06-15 11:23:34,471 - INFO - Testing tolerance=2.1544346900318822e-06 (2/10)
2025-06-15 11:23:34,504 - INFO - Testing tolerance=4.641588833612782e-06 (3/10)
2025-06-15 11:23:34,537 - INFO - Testing tolerance=1e-05 (4/10)
2025-06-15 11:23:34,569 - INFO - Testing tolerance=2.1544346900318823e-05 (5/10)
2025-06-15 11:23:34,601 - INFO - Testing tolerance=4.641588833612772e-05 (6/10)
2025-06-15 11:23:34,633 - INFO - Testing tolerance=0.0001 (7/10)
2025-06-15 11:23:34,665 - INFO - Testing tolerance=0.00021544346900318823 (8/10)
2025-06-15 11:23:34,697 - INFO - Testing tolerance=0.00046415888336127773 (9/10)
2025-06-15 11:23:34,730 - INFO - Testing tolerance=0.001 (10/10)
2025-06-15 11:23:34,762 - INFO - Hauser tolerance Sweep Results:
2025-06-15 11:23:34,763 - INFO -   Composite objective range: 0.00000000
2025-06-15 11:23:34,763 - INFO -   Coefficient of variation: 0.00000000
2025-06-15 11:23:35,156 - INFO - Diagnostic report generated: diagnostic_results/diagnostic_report.md
2025-06-15 11:23:35,156 - INFO - ==================================================
2025-06-15 11:23:35,156 - INFO - DIAGNOSTIC COMPLETE!
2025-06-15 11:23:35,156 - INFO - ==================================================
2025-06-15 11:23:35,156 - INFO - Check diagnostic_results/ folder for detailed analysis
2025-06-15 11:23:35,156 - INFO - Review diagnostic_report.md for conclusions and recommendations
