2025-07-20 12:36:00,997 - INFO - Starting Parameter Optimization System
2025-07-20 12:36:02,087 - INFO - Found C++ evaluator: /Users/joris/Uni/MA/Code/PathPlanner_US_wip/build/apps/ParameterTuning/EnhancedParameterEvaluator
2025-07-20 12:36:02,093 - INFO - Loaded 22 poses from scenario_1
2025-07-20 12:36:02,093 - INFO - Created 1 test scenarios (quick mode)
2025-07-20 12:36:02,094 - INFO - Starting STOMP optimization with 20 trials...
2025-07-20 12:36:03,685 - INFO - STOMP optimization complete!
2025-07-20 12:36:03,686 - INFO - Best objective: 0.500091
2025-07-20 12:36:03,688 - INFO - Results saved to: results/optimization_results/stomp_results.json
2025-07-20 12:36:03,688 - INFO - Starting Hauser optimization with 20 trials...
2025-07-20 12:36:05,032 - INFO - Hauser optimization complete!
2025-07-20 12:36:05,032 - INFO - Best objective: 0.500087
2025-07-20 12:36:05,034 - INFO - Results saved to: results/optimization_results/hauser_results.json
2025-07-20 12:36:05,034 - INFO - 
============================================================
2025-07-20 12:36:05,034 - INFO - OPTIMIZATION COMPLETE!
2025-07-20 12:36:05,034 - INFO - ============================================================
2025-07-20 12:36:05,034 - INFO -    STOMP: 0.500091 (best objective)
2025-07-20 12:36:05,034 - INFO -   Hauser: 0.500087 (best objective)
2025-07-20 12:36:05,034 - INFO - 
🏆 Winner: Hauser
2025-07-20 12:36:05,035 - INFO - 📊 Performance improvement: 0.0009%
2025-07-20 12:36:05,035 - INFO - 
📁 Results saved to: results/optimization_results
2025-07-20 12:36:05,035 - INFO - 📋 Run visualization script to generate plots:
2025-07-20 12:36:05,035 - INFO -     python create_comprehensive_plots.py
